{"C:\\Users\\Albina\\Desktop\\repo\\django-chat-app\\frontend\\src\\context\\AuthContext.jsx": {"path":"C:\\Users\\Albina\\Desktop\\repo\\django-chat-app\\frontend\\src\\context\\AuthContext.jsx","statementMap":{"0":{"start":{"line":7,"column":16},"end":{"line":7,"column":43}},"1":{"start":{"line":8,"column":20},"end":{"line":8,"column":35}},"2":{"start":{"line":11,"column":28},"end":{"line":138,"column":1}},"3":{"start":{"line":12,"column":38},"end":{"line":16,"column":3}},"4":{"start":{"line":13,"column":4},"end":{"line":15,"column":12}},"5":{"start":{"line":18,"column":26},"end":{"line":21,"column":4}},"6":{"start":{"line":19,"column":19},"end":{"line":19,"column":53}},"7":{"start":{"line":20,"column":4},"end":{"line":20,"column":65}},"8":{"start":{"line":23,"column":32},"end":{"line":23,"column":46}},"9":{"start":{"line":24,"column":19},"end":{"line":24,"column":32}},"10":{"start":{"line":26,"column":29},"end":{"line":38,"column":3}},"11":{"start":{"line":27,"column":4},"end":{"line":37,"column":5}},"12":{"start":{"line":28,"column":27},"end":{"line":28,"column":56}},"13":{"start":{"line":29,"column":26},"end":{"line":29,"column":43}},"14":{"start":{"line":31,"column":6},"end":{"line":36,"column":7}},"15":{"start":{"line":32,"column":8},"end":{"line":32,"column":28}},"16":{"start":{"line":33,"column":8},"end":{"line":33,"column":22}},"17":{"start":{"line":34,"column":8},"end":{"line":34,"column":46}},"18":{"start":{"line":35,"column":8},"end":{"line":35,"column":27}},"19":{"start":{"line":40,"column":2},"end":{"line":47,"column":48}},"20":{"start":{"line":41,"column":4},"end":{"line":45,"column":5}},"21":{"start":{"line":42,"column":6},"end":{"line":42,"column":27}},"22":{"start":{"line":43,"column":23},"end":{"line":43,"column":61}},"23":{"start":{"line":44,"column":6},"end":{"line":44,"column":43}},"24":{"start":{"line":44,"column":19},"end":{"line":44,"column":42}},"25":{"start":{"line":46,"column":4},"end":{"line":46,"column":22}},"26":{"start":{"line":49,"column":20},"end":{"line":82,"column":3}},"27":{"start":{"line":50,"column":21},"end":{"line":56,"column":6}},"28":{"start":{"line":57,"column":17},"end":{"line":57,"column":38}},"29":{"start":{"line":59,"column":4},"end":{"line":81,"column":5}},"30":{"start":{"line":60,"column":6},"end":{"line":60,"column":44}},"31":{"start":{"line":61,"column":6},"end":{"line":61,"column":26}},"32":{"start":{"line":62,"column":6},"end":{"line":62,"column":39}},"33":{"start":{"line":63,"column":6},"end":{"line":63,"column":63}},"34":{"start":{"line":64,"column":6},"end":{"line":70,"column":9}},"35":{"start":{"line":71,"column":6},"end":{"line":71,"column":20}},"36":{"start":{"line":73,"column":6},"end":{"line":80,"column":9}},"37":{"start":{"line":84,"column":23},"end":{"line":104,"column":3}},"38":{"start":{"line":85,"column":21},"end":{"line":91,"column":6}},"39":{"start":{"line":92,"column":4},"end":{"line":103,"column":5}},"40":{"start":{"line":93,"column":6},"end":{"line":93,"column":25}},"41":{"start":{"line":95,"column":6},"end":{"line":102,"column":9}},"42":{"start":{"line":106,"column":21},"end":{"line":121,"column":3}},"43":{"start":{"line":107,"column":4},"end":{"line":115,"column":5}},"44":{"start":{"line":108,"column":6},"end":{"line":114,"column":9}},"45":{"start":{"line":117,"column":4},"end":{"line":117,"column":24}},"46":{"start":{"line":118,"column":4},"end":{"line":118,"column":18}},"47":{"start":{"line":119,"column":4},"end":{"line":119,"column":42}},"48":{"start":{"line":120,"column":4},"end":{"line":120,"column":23}},"49":{"start":{"line":123,"column":22},"end":{"line":131,"column":3}},"50":{"start":{"line":133,"column":2},"end":{"line":137,"column":4}}},"fnMap":{"0":{"name":"(anonymous_0)","decl":{"start":{"line":11,"column":28},"end":{"line":11,"column":29}},"loc":{"start":{"line":11,"column":73},"end":{"line":138,"column":1}},"line":11},"1":{"name":"(anonymous_1)","decl":{"start":{"line":12,"column":47},"end":{"line":12,"column":48}},"loc":{"start":{"line":13,"column":4},"end":{"line":15,"column":12}},"line":13},"2":{"name":"(anonymous_2)","decl":{"start":{"line":18,"column":35},"end":{"line":18,"column":36}},"loc":{"start":{"line":18,"column":41},"end":{"line":21,"column":3}},"line":18},"3":{"name":"(anonymous_3)","decl":{"start":{"line":26,"column":29},"end":{"line":26,"column":30}},"loc":{"start":{"line":26,"column":35},"end":{"line":38,"column":3}},"line":26},"4":{"name":"(anonymous_4)","decl":{"start":{"line":40,"column":12},"end":{"line":40,"column":13}},"loc":{"start":{"line":40,"column":18},"end":{"line":47,"column":3}},"line":40},"5":{"name":"(anonymous_5)","decl":{"start":{"line":44,"column":13},"end":{"line":44,"column":14}},"loc":{"start":{"line":44,"column":19},"end":{"line":44,"column":42}},"line":44},"6":{"name":"(anonymous_6)","decl":{"start":{"line":49,"column":20},"end":{"line":49,"column":21}},"loc":{"start":{"line":49,"column":47},"end":{"line":82,"column":3}},"line":49},"7":{"name":"(anonymous_7)","decl":{"start":{"line":84,"column":23},"end":{"line":84,"column":24}},"loc":{"start":{"line":84,"column":71},"end":{"line":104,"column":3}},"line":84},"8":{"name":"(anonymous_8)","decl":{"start":{"line":106,"column":21},"end":{"line":106,"column":22}},"loc":{"start":{"line":106,"column":33},"end":{"line":121,"column":3}},"line":106}},"branchMap":{"0":{"loc":{"start":{"line":11,"column":41},"end":{"line":11,"column":66}},"type":"default-arg","locations":[{"start":{"line":11,"column":61},"end":{"line":11,"column":66}}],"line":11},"1":{"loc":{"start":{"line":13,"column":4},"end":{"line":15,"column":12}},"type":"cond-expr","locations":[{"start":{"line":14,"column":8},"end":{"line":14,"column":54}},{"start":{"line":15,"column":8},"end":{"line":15,"column":12}}],"line":13},"2":{"loc":{"start":{"line":20,"column":11},"end":{"line":20,"column":64}},"type":"cond-expr","locations":[{"start":{"line":20,"column":20},"end":{"line":20,"column":57}},{"start":{"line":20,"column":60},"end":{"line":20,"column":64}}],"line":20},"3":{"loc":{"start":{"line":27,"column":4},"end":{"line":37,"column":5}},"type":"if","locations":[{"start":{"line":27,"column":4},"end":{"line":37,"column":5}},{"start":{},"end":{}}],"line":27},"4":{"loc":{"start":{"line":31,"column":6},"end":{"line":36,"column":7}},"type":"if","locations":[{"start":{"line":31,"column":6},"end":{"line":36,"column":7}},{"start":{},"end":{}}],"line":31},"5":{"loc":{"start":{"line":41,"column":4},"end":{"line":45,"column":5}},"type":"if","locations":[{"start":{"line":41,"column":4},"end":{"line":45,"column":5}},{"start":{},"end":{}}],"line":41},"6":{"loc":{"start":{"line":59,"column":4},"end":{"line":81,"column":5}},"type":"if","locations":[{"start":{"line":59,"column":4},"end":{"line":81,"column":5}},{"start":{"line":72,"column":11},"end":{"line":81,"column":5}}],"line":59},"7":{"loc":{"start":{"line":92,"column":4},"end":{"line":103,"column":5}},"type":"if","locations":[{"start":{"line":92,"column":4},"end":{"line":103,"column":5}},{"start":{"line":94,"column":11},"end":{"line":103,"column":5}}],"line":92},"8":{"loc":{"start":{"line":107,"column":4},"end":{"line":115,"column":5}},"type":"if","locations":[{"start":{"line":107,"column":4},"end":{"line":115,"column":5}},{"start":{},"end":{}}],"line":107},"9":{"loc":{"start":{"line":135,"column":7},"end":{"line":135,"column":32}},"type":"cond-expr","locations":[{"start":{"line":135,"column":17},"end":{"line":135,"column":21}},{"start":{"line":135,"column":24},"end":{"line":135,"column":32}}],"line":135}},"s":{"0":10,"1":10,"2":10,"3":7,"4":1,"5":7,"6":1,"7":1,"8":7,"9":7,"10":7,"11":0,"12":0,"13":0,"14":0,"15":0,"16":0,"17":0,"18":0,"19":7,"20":3,"21":0,"22":0,"23":0,"24":0,"25":3,"26":7,"27":4,"28":4,"29":4,"30":4,"31":4,"32":4,"33":4,"34":4,"35":4,"36":0,"37":7,"38":0,"39":0,"40":0,"41":0,"42":7,"43":0,"44":0,"45":0,"46":0,"47":0,"48":0,"49":7,"50":7},"f":{"0":7,"1":1,"2":1,"3":0,"4":3,"5":0,"6":4,"7":0,"8":0},"b":{"0":[0],"1":[0,1],"2":[0,1],"3":[0,0],"4":[0,0],"5":[0,3],"6":[4,0],"7":[0,0],"8":[0,0],"9":[1,6]},"_coverageSchema":"1a1c01bbd47fc00a2c39e90264f33305004495a9","hash":"2b8b2dd69a758c57c08da22772c4115ee022c981"}
,"C:\\Users\\Albina\\Desktop\\repo\\django-chat-app\\frontend\\src\\utils\\useAxios.js": {"path":"C:\\Users\\Albina\\Desktop\\repo\\django-chat-app\\frontend\\src\\utils\\useAxios.js","statementMap":{"0":{"start":{"line":8,"column":16},"end":{"line":8,"column":43}},"1":{"start":{"line":10,"column":17},"end":{"line":38,"column":1}},"2":{"start":{"line":11,"column":49},"end":{"line":11,"column":72}},"3":{"start":{"line":12,"column":26},"end":{"line":15,"column":6}},"4":{"start":{"line":17,"column":4},"end":{"line":34,"column":6}},"5":{"start":{"line":18,"column":8},"end":{"line":18,"column":46}},"6":{"start":{"line":18,"column":25},"end":{"line":18,"column":46}},"7":{"start":{"line":19,"column":21},"end":{"line":19,"column":49}},"8":{"start":{"line":20,"column":26},"end":{"line":20,"column":64}},"9":{"start":{"line":21,"column":8},"end":{"line":22,"column":27}},"10":{"start":{"line":22,"column":12},"end":{"line":22,"column":27}},"11":{"start":{"line":24,"column":25},"end":{"line":26,"column":10}},"12":{"start":{"line":28,"column":8},"end":{"line":28,"column":73}},"13":{"start":{"line":29,"column":8},"end":{"line":29,"column":37}},"14":{"start":{"line":30,"column":8},"end":{"line":30,"column":49}},"15":{"start":{"line":32,"column":8},"end":{"line":32,"column":73}},"16":{"start":{"line":33,"column":8},"end":{"line":33,"column":23}},"17":{"start":{"line":36,"column":4},"end":{"line":36,"column":25}}},"fnMap":{"0":{"name":"(anonymous_0)","decl":{"start":{"line":10,"column":17},"end":{"line":10,"column":18}},"loc":{"start":{"line":10,"column":23},"end":{"line":38,"column":1}},"line":10},"1":{"name":"(anonymous_1)","decl":{"start":{"line":17,"column":43},"end":{"line":17,"column":44}},"loc":{"start":{"line":17,"column":60},"end":{"line":34,"column":5}},"line":17}},"branchMap":{"0":{"loc":{"start":{"line":18,"column":8},"end":{"line":18,"column":46}},"type":"if","locations":[{"start":{"line":18,"column":8},"end":{"line":18,"column":46}},{"start":{},"end":{}}],"line":18},"1":{"loc":{"start":{"line":21,"column":8},"end":{"line":22,"column":27}},"type":"if","locations":[{"start":{"line":21,"column":8},"end":{"line":22,"column":27}},{"start":{},"end":{}}],"line":21}},"s":{"0":7,"1":7,"2":0,"3":0,"4":0,"5":0,"6":0,"7":0,"8":0,"9":0,"10":0,"11":0,"12":0,"13":0,"14":0,"15":0,"16":0,"17":0},"f":{"0":0,"1":0},"b":{"0":[0,0],"1":[0,0]},"_coverageSchema":"1a1c01bbd47fc00a2c39e90264f33305004495a9","hash":"74e06f60c13f4e6ca6c15d288cb0ed8e238e78c8"}
,"C:\\Users\\Albina\\Desktop\\repo\\django-chat-app\\frontend\\src\\utils\\useSearch.js": {"path":"C:\\Users\\Albina\\Desktop\\repo\\django-chat-app\\frontend\\src\\utils\\useSearch.js","statementMap":{"0":{"start":{"line":6,"column":18},"end":{"line":36,"column":1}},"1":{"start":{"line":7,"column":32},"end":{"line":7,"column":44}},"2":{"start":{"line":8,"column":32},"end":{"line":8,"column":47}},"3":{"start":{"line":9,"column":19},"end":{"line":9,"column":32}},"4":{"start":{"line":10,"column":16},"end":{"line":10,"column":26}},"5":{"start":{"line":13,"column":21},"end":{"line":27,"column":3}},"6":{"start":{"line":14,"column":4},"end":{"line":14,"column":26}},"7":{"start":{"line":14,"column":19},"end":{"line":14,"column":26}},"8":{"start":{"line":16,"column":4},"end":{"line":16,"column":21}},"9":{"start":{"line":17,"column":4},"end":{"line":26,"column":5}},"10":{"start":{"line":18,"column":18},"end":{"line":18,"column":72}},"11":{"start":{"line":20,"column":6},"end":{"line":20,"column":27}},"12":{"start":{"line":21,"column":6},"end":{"line":21,"column":39}},"13":{"start":{"line":23,"column":6},"end":{"line":23,"column":25}},"14":{"start":{"line":25,"column":6},"end":{"line":25,"column":24}},"15":{"start":{"line":29,"column":2},"end":{"line":33,"column":21}},"16":{"start":{"line":30,"column":4},"end":{"line":32,"column":5}},"17":{"start":{"line":31,"column":6},"end":{"line":31,"column":31}},"18":{"start":{"line":35,"column":2},"end":{"line":35,"column":42}}},"fnMap":{"0":{"name":"(anonymous_0)","decl":{"start":{"line":6,"column":18},"end":{"line":6,"column":19}},"loc":{"start":{"line":6,"column":41},"end":{"line":36,"column":1}},"line":6},"1":{"name":"(anonymous_1)","decl":{"start":{"line":13,"column":21},"end":{"line":13,"column":22}},"loc":{"start":{"line":13,"column":41},"end":{"line":27,"column":3}},"line":13},"2":{"name":"(anonymous_2)","decl":{"start":{"line":29,"column":12},"end":{"line":29,"column":13}},"loc":{"start":{"line":29,"column":18},"end":{"line":33,"column":3}},"line":29}},"branchMap":{"0":{"loc":{"start":{"line":6,"column":19},"end":{"line":6,"column":36}},"type":"default-arg","locations":[{"start":{"line":6,"column":34},"end":{"line":6,"column":36}}],"line":6},"1":{"loc":{"start":{"line":14,"column":4},"end":{"line":14,"column":26}},"type":"if","locations":[{"start":{"line":14,"column":4},"end":{"line":14,"column":26}},{"start":{},"end":{}}],"line":14},"2":{"loc":{"start":{"line":30,"column":4},"end":{"line":32,"column":5}},"type":"if","locations":[{"start":{"line":30,"column":4},"end":{"line":32,"column":5}},{"start":{},"end":{}}],"line":30}},"s":{"0":4,"1":0,"2":0,"3":0,"4":0,"5":0,"6":0,"7":0,"8":0,"9":0,"10":0,"11":0,"12":0,"13":0,"14":0,"15":0,"16":0,"17":0,"18":0},"f":{"0":0,"1":0,"2":0},"b":{"0":[0],"1":[0,0],"2":[0,0]},"_coverageSchema":"1a1c01bbd47fc00a2c39e90264f33305004495a9","hash":"2c142435ff10fdcdc7919753c6a5ca6d08ce00ae"}
,"C:\\Users\\Albina\\Desktop\\repo\\django-chat-app\\frontend\\src\\views\\DialoguesList.jsx": {"path":"C:\\Users\\Albina\\Desktop\\repo\\django-chat-app\\frontend\\src\\views\\DialoguesList.jsx","statementMap":{"0":{"start":{"line":10,"column":36},"end":{"line":10,"column":48}},"1":{"start":{"line":11,"column":18},"end":{"line":11,"column":28}},"2":{"start":{"line":12,"column":18},"end":{"line":12,"column":52}},"3":{"start":{"line":13,"column":20},"end":{"line":13,"column":36}},"4":{"start":{"line":14,"column":20},"end":{"line":14,"column":35}},"5":{"start":{"line":16,"column":3},"end":{"line":24,"column":7}},"6":{"start":{"line":17,"column":4},"end":{"line":23,"column":11}},"7":{"start":{"line":19,"column":12},"end":{"line":19,"column":34}},"8":{"start":{"line":22,"column":12},"end":{"line":22,"column":31}},"9":{"start":{"line":27,"column":4},"end":{"line":76,"column":4}},"10":{"start":{"line":35,"column":16},"end":{"line":71,"column":23}}},"fnMap":{"0":{"name":"DialoguesList","decl":{"start":{"line":8,"column":9},"end":{"line":8,"column":22}},"loc":{"start":{"line":8,"column":25},"end":{"line":78,"column":1}},"line":8},"1":{"name":"(anonymous_1)","decl":{"start":{"line":16,"column":13},"end":{"line":16,"column":14}},"loc":{"start":{"line":16,"column":19},"end":{"line":24,"column":1}},"line":16},"2":{"name":"(anonymous_2)","decl":{"start":{"line":18,"column":14},"end":{"line":18,"column":15}},"loc":{"start":{"line":18,"column":23},"end":{"line":20,"column":9}},"line":18},"3":{"name":"(anonymous_3)","decl":{"start":{"line":21,"column":15},"end":{"line":21,"column":16}},"loc":{"start":{"line":21,"column":26},"end":{"line":23,"column":9}},"line":21},"4":{"name":"(anonymous_4)","decl":{"start":{"line":34,"column":25},"end":{"line":34,"column":26}},"loc":{"start":{"line":35,"column":16},"end":{"line":71,"column":23}},"line":35}},"branchMap":{"0":{"loc":{"start":{"line":29,"column":9},"end":{"line":73,"column":9}},"type":"cond-expr","locations":[{"start":{"line":30,"column":12},"end":{"line":32,"column":18}},{"start":{"line":34,"column":12},"end":{"line":72,"column":14}}],"line":29},"1":{"loc":{"start":{"line":36,"column":37},"end":{"line":36,"column":99}},"type":"cond-expr","locations":[{"start":{"line":36,"column":66},"end":{"line":36,"column":82}},{"start":{"line":36,"column":85},"end":{"line":36,"column":99}}],"line":36},"2":{"loc":{"start":{"line":41,"column":25},"end":{"line":53,"column":25}},"type":"cond-expr","locations":[{"start":{"line":42,"column":28},"end":{"line":46,"column":30}},{"start":{"line":48,"column":28},"end":{"line":52,"column":30}}],"line":41},"3":{"loc":{"start":{"line":43,"column":37},"end":{"line":43,"column":146}},"type":"binary-expr","locations":[{"start":{"line":43,"column":37},"end":{"line":43,"column":112}},{"start":{"line":43,"column":116},"end":{"line":43,"column":146}}],"line":43},"4":{"loc":{"start":{"line":49,"column":37},"end":{"line":49,"column":144}},"type":"binary-expr","locations":[{"start":{"line":49,"column":37},"end":{"line":49,"column":112}},{"start":{"line":49,"column":116},"end":{"line":49,"column":144}}],"line":49},"5":{"loc":{"start":{"line":56,"column":33},"end":{"line":58,"column":65}},"type":"cond-expr","locations":[{"start":{"line":57,"column":38},"end":{"line":57,"column":67}},{"start":{"line":58,"column":38},"end":{"line":58,"column":65}}],"line":56}},"s":{"0":9,"1":9,"2":9,"3":9,"4":9,"5":9,"6":6,"7":4,"8":2,"9":9,"10":4},"f":{"0":9,"1":6,"2":4,"3":2,"4":4},"b":{"0":[6,3],"1":[1,3],"2":[3,1],"3":[3,0],"4":[1,0],"5":[1,3]},"_coverageSchema":"1a1c01bbd47fc00a2c39e90264f33305004495a9","hash":"6c43b9da0828aab55fdc6873bdf9c1f9b356de9f"}
,"C:\\Users\\Albina\\Desktop\\repo\\django-chat-app\\frontend\\src\\views\\Homepage.jsx": {"path":"C:\\Users\\Albina\\Desktop\\repo\\django-chat-app\\frontend\\src\\views\\Homepage.jsx","statementMap":{"0":{"start":{"line":5,"column":2},"end":{"line":30,"column":4}}},"fnMap":{"0":{"name":"Homepage","decl":{"start":{"line":4,"column":9},"end":{"line":4,"column":17}},"loc":{"start":{"line":4,"column":20},"end":{"line":31,"column":1}},"line":4}},"branchMap":{},"s":{"0":4},"f":{"0":4},"b":{},"_coverageSchema":"1a1c01bbd47fc00a2c39e90264f33305004495a9","hash":"719dc2b7297abe4c478b9b1e84e8913e1335f516"}
,"C:\\Users\\Albina\\Desktop\\repo\\django-chat-app\\frontend\\src\\views\\Login.jsx": {"path":"C:\\Users\\Albina\\Desktop\\repo\\django-chat-app\\frontend\\src\\views\\Login.jsx","statementMap":{"0":{"start":{"line":7,"column":24},"end":{"line":7,"column":47}},"1":{"start":{"line":9,"column":21},"end":{"line":17,"column":1}},"2":{"start":{"line":10,"column":2},"end":{"line":10,"column":21}},"3":{"start":{"line":11,"column":19},"end":{"line":11,"column":41}},"4":{"start":{"line":12,"column":16},"end":{"line":12,"column":37}},"5":{"start":{"line":13,"column":19},"end":{"line":13,"column":43}},"6":{"start":{"line":14,"column":2},"end":{"line":16,"column":3}},"7":{"start":{"line":15,"column":4},"end":{"line":15,"column":31}},"8":{"start":{"line":19,"column":2},"end":{"line":64,"column":4}}},"fnMap":{"0":{"name":"Login","decl":{"start":{"line":6,"column":9},"end":{"line":6,"column":14}},"loc":{"start":{"line":6,"column":17},"end":{"line":65,"column":1}},"line":6},"1":{"name":"(anonymous_1)","decl":{"start":{"line":9,"column":21},"end":{"line":9,"column":22}},"loc":{"start":{"line":9,"column":28},"end":{"line":17,"column":1}},"line":9}},"branchMap":{"0":{"loc":{"start":{"line":14,"column":2},"end":{"line":16,"column":3}},"type":"if","locations":[{"start":{"line":14,"column":2},"end":{"line":16,"column":3}},{"start":{},"end":{}}],"line":14},"1":{"loc":{"start":{"line":14,"column":6},"end":{"line":14,"column":31}},"type":"binary-expr","locations":[{"start":{"line":14,"column":6},"end":{"line":14,"column":11}},{"start":{"line":14,"column":15},"end":{"line":14,"column":31}}],"line":14}},"s":{"0":3,"1":3,"2":2,"3":2,"4":2,"5":2,"6":2,"7":1,"8":3},"f":{"0":3,"1":2},"b":{"0":[1,1],"1":[2,1]},"_coverageSchema":"1a1c01bbd47fc00a2c39e90264f33305004495a9","hash":"ca9dedb89daaf632970d446c7eea4e7c5bf02932"}
,"C:\\Users\\Albina\\Desktop\\repo\\django-chat-app\\frontend\\src\\views\\Message.jsx": {"path":"C:\\Users\\Albina\\Desktop\\repo\\django-chat-app\\frontend\\src\\views\\Message.jsx","statementMap":{"0":{"start":{"line":10,"column":27},"end":{"line":10,"column":38}},"1":{"start":{"line":12,"column":4},"end":{"line":27,"column":6}}},"fnMap":{"0":{"name":"Message","decl":{"start":{"line":8,"column":9},"end":{"line":8,"column":16}},"loc":{"start":{"line":8,"column":19},"end":{"line":30,"column":1}},"line":8}},"branchMap":{},"s":{"0":2,"1":2},"f":{"0":2},"b":{},"_coverageSchema":"1a1c01bbd47fc00a2c39e90264f33305004495a9","hash":"64139426aca6cf0f85b1ff84f478dea9f1eca674"}
,"C:\\Users\\Albina\\Desktop\\repo\\django-chat-app\\frontend\\src\\views\\MessagesHistory.jsx": {"path":"C:\\Users\\Albina\\Desktop\\repo\\django-chat-app\\frontend\\src\\views\\MessagesHistory.jsx","statementMap":{"0":{"start":{"line":12,"column":32},"end":{"line":12,"column":44}},"1":{"start":{"line":13,"column":42},"end":{"line":13,"column":54}},"2":{"start":{"line":14,"column":38},"end":{"line":14,"column":63}},"3":{"start":{"line":16,"column":17},"end":{"line":16,"column":28}},"4":{"start":{"line":17,"column":16},"end":{"line":17,"column":26}},"5":{"start":{"line":18,"column":25},"end":{"line":18,"column":36}},"6":{"start":{"line":20,"column":16},"end":{"line":20,"column":50}},"7":{"start":{"line":21,"column":18},"end":{"line":21,"column":49}},"8":{"start":{"line":22,"column":18},"end":{"line":22,"column":50}},"9":{"start":{"line":24,"column":2},"end":{"line":33,"column":27}},"10":{"start":{"line":25,"column":4},"end":{"line":25,"column":32}},"11":{"start":{"line":25,"column":25},"end":{"line":25,"column":32}},"12":{"start":{"line":27,"column":4},"end":{"line":31,"column":26}},"13":{"start":{"line":29,"column":8},"end":{"line":29,"column":29}},"14":{"start":{"line":35,"column":2},"end":{"line":45,"column":18}},"15":{"start":{"line":36,"column":4},"end":{"line":36,"column":20}},"16":{"start":{"line":36,"column":13},"end":{"line":36,"column":20}},"17":{"start":{"line":38,"column":4},"end":{"line":44,"column":9}},"18":{"start":{"line":40,"column":8},"end":{"line":40,"column":34}},"19":{"start":{"line":43,"column":8},"end":{"line":43,"column":67}},"20":{"start":{"line":47,"column":30},"end":{"line":52,"column":3}},"21":{"start":{"line":48,"column":4},"end":{"line":51,"column":7}},"22":{"start":{"line":54,"column":22},"end":{"line":69,"column":3}},"23":{"start":{"line":55,"column":4},"end":{"line":55,"column":43}},"24":{"start":{"line":55,"column":36},"end":{"line":55,"column":43}},"25":{"start":{"line":57,"column":21},"end":{"line":57,"column":35}},"26":{"start":{"line":58,"column":4},"end":{"line":58,"column":37}},"27":{"start":{"line":59,"column":4},"end":{"line":59,"column":39}},"28":{"start":{"line":60,"column":4},"end":{"line":60,"column":36}},"29":{"start":{"line":61,"column":4},"end":{"line":61,"column":51}},"30":{"start":{"line":62,"column":4},"end":{"line":62,"column":38}},"31":{"start":{"line":64,"column":4},"end":{"line":68,"column":26}},"32":{"start":{"line":66,"column":8},"end":{"line":66,"column":39}},"33":{"start":{"line":71,"column":2},"end":{"line":166,"column":4}},"34":{"start":{"line":116,"column":18},"end":{"line":140,"column":24}}},"fnMap":{"0":{"name":"MessagesHistory","decl":{"start":{"line":11,"column":9},"end":{"line":11,"column":24}},"loc":{"start":{"line":11,"column":27},"end":{"line":167,"column":1}},"line":11},"1":{"name":"(anonymous_1)","decl":{"start":{"line":24,"column":12},"end":{"line":24,"column":13}},"loc":{"start":{"line":24,"column":18},"end":{"line":33,"column":3}},"line":24},"2":{"name":"(anonymous_2)","decl":{"start":{"line":28,"column":12},"end":{"line":28,"column":13}},"loc":{"start":{"line":28,"column":21},"end":{"line":30,"column":7}},"line":28},"3":{"name":"(anonymous_3)","decl":{"start":{"line":35,"column":12},"end":{"line":35,"column":13}},"loc":{"start":{"line":35,"column":18},"end":{"line":45,"column":3}},"line":35},"4":{"name":"(anonymous_4)","decl":{"start":{"line":39,"column":12},"end":{"line":39,"column":13}},"loc":{"start":{"line":39,"column":21},"end":{"line":41,"column":7}},"line":39},"5":{"name":"(anonymous_5)","decl":{"start":{"line":42,"column":13},"end":{"line":42,"column":14}},"loc":{"start":{"line":42,"column":24},"end":{"line":44,"column":7}},"line":42},"6":{"name":"(anonymous_6)","decl":{"start":{"line":47,"column":30},"end":{"line":47,"column":31}},"loc":{"start":{"line":47,"column":41},"end":{"line":52,"column":3}},"line":47},"7":{"name":"(anonymous_7)","decl":{"start":{"line":54,"column":22},"end":{"line":54,"column":23}},"loc":{"start":{"line":54,"column":28},"end":{"line":69,"column":3}},"line":54},"8":{"name":"(anonymous_8)","decl":{"start":{"line":65,"column":12},"end":{"line":65,"column":13}},"loc":{"start":{"line":65,"column":18},"end":{"line":67,"column":7}},"line":65},"9":{"name":"(anonymous_9)","decl":{"start":{"line":115,"column":28},"end":{"line":115,"column":29}},"loc":{"start":{"line":116,"column":18},"end":{"line":140,"column":24}},"line":116}},"branchMap":{"0":{"loc":{"start":{"line":21,"column":18},"end":{"line":21,"column":49}},"type":"cond-expr","locations":[{"start":{"line":21,"column":26},"end":{"line":21,"column":42}},{"start":{"line":21,"column":45},"end":{"line":21,"column":49}}],"line":21},"1":{"loc":{"start":{"line":22,"column":18},"end":{"line":22,"column":50}},"type":"cond-expr","locations":[{"start":{"line":22,"column":28},"end":{"line":22,"column":43}},{"start":{"line":22,"column":46},"end":{"line":22,"column":50}}],"line":22},"2":{"loc":{"start":{"line":25,"column":4},"end":{"line":25,"column":32}},"type":"if","locations":[{"start":{"line":25,"column":4},"end":{"line":25,"column":32}},{"start":{},"end":{}}],"line":25},"3":{"loc":{"start":{"line":25,"column":8},"end":{"line":25,"column":23}},"type":"binary-expr","locations":[{"start":{"line":25,"column":8},"end":{"line":25,"column":16}},{"start":{"line":25,"column":20},"end":{"line":25,"column":23}}],"line":25},"4":{"loc":{"start":{"line":36,"column":4},"end":{"line":36,"column":20}},"type":"if","locations":[{"start":{"line":36,"column":4},"end":{"line":36,"column":20}},{"start":{},"end":{}}],"line":36},"5":{"loc":{"start":{"line":55,"column":4},"end":{"line":55,"column":43}},"type":"if","locations":[{"start":{"line":55,"column":4},"end":{"line":55,"column":43}},{"start":{},"end":{}}],"line":55},"6":{"loc":{"start":{"line":91,"column":25},"end":{"line":91,"column":122}},"type":"binary-expr","locations":[{"start":{"line":91,"column":25},"end":{"line":91,"column":43}},{"start":{"line":91,"column":47},"end":{"line":91,"column":122}}],"line":91},"7":{"loc":{"start":{"line":97,"column":19},"end":{"line":99,"column":19}},"type":"binary-expr","locations":[{"start":{"line":97,"column":19},"end":{"line":97,"column":41}},{"start":{"line":98,"column":20},"end":{"line":98,"column":125}}],"line":97},"8":{"loc":{"start":{"line":102,"column":45},"end":{"line":102,"column":76}},"type":"binary-expr","locations":[{"start":{"line":102,"column":45},"end":{"line":102,"column":63}},{"start":{"line":102,"column":67},"end":{"line":102,"column":76}}],"line":102},"9":{"loc":{"start":{"line":104,"column":25},"end":{"line":104,"column":70}},"type":"cond-expr","locations":[{"start":{"line":104,"column":50},"end":{"line":104,"column":58}},{"start":{"line":104,"column":61},"end":{"line":104,"column":70}}],"line":104},"10":{"loc":{"start":{"line":112,"column":15},"end":{"line":142,"column":15}},"type":"cond-expr","locations":[{"start":{"line":113,"column":16},"end":{"line":113,"column":91}},{"start":{"line":115,"column":16},"end":{"line":141,"column":18}}],"line":112},"11":{"loc":{"start":{"line":118,"column":39},"end":{"line":118,"column":99}},"type":"cond-expr","locations":[{"start":{"line":118,"column":68},"end":{"line":118,"column":81}},{"start":{"line":118,"column":84},"end":{"line":118,"column":99}}],"line":118},"12":{"loc":{"start":{"line":120,"column":21},"end":{"line":126,"column":21}},"type":"binary-expr","locations":[{"start":{"line":120,"column":21},"end":{"line":120,"column":47}},{"start":{"line":121,"column":22},"end":{"line":125,"column":24}}],"line":120},"13":{"loc":{"start":{"line":122,"column":29},"end":{"line":122,"column":137}},"type":"binary-expr","locations":[{"start":{"line":122,"column":29},"end":{"line":122,"column":58}},{"start":{"line":122,"column":62},"end":{"line":122,"column":137}}],"line":122},"14":{"loc":{"start":{"line":129,"column":24},"end":{"line":129,"column":95}},"type":"cond-expr","locations":[{"start":{"line":129,"column":53},"end":{"line":129,"column":79}},{"start":{"line":129,"column":82},"end":{"line":129,"column":95}}],"line":129},"15":{"loc":{"start":{"line":133,"column":25},"end":{"line":133,"column":103}},"type":"cond-expr","locations":[{"start":{"line":133,"column":54},"end":{"line":133,"column":59}},{"start":{"line":133,"column":62},"end":{"line":133,"column":103}}],"line":133},"16":{"loc":{"start":{"line":133,"column":62},"end":{"line":133,"column":103}},"type":"binary-expr","locations":[{"start":{"line":133,"column":62},"end":{"line":133,"column":90}},{"start":{"line":133,"column":94},"end":{"line":133,"column":103}}],"line":133}},"s":{"0":6,"1":6,"2":6,"3":6,"4":6,"5":6,"6":6,"7":6,"8":6,"9":6,"10":3,"11":0,"12":3,"13":3,"14":6,"15":3,"16":0,"17":3,"18":3,"19":0,"20":6,"21":1,"22":6,"23":1,"24":0,"25":1,"26":1,"27":1,"28":1,"29":1,"30":1,"31":1,"32":1,"33":6,"34":2},"f":{"0":6,"1":3,"2":3,"3":3,"4":3,"5":0,"6":1,"7":1,"8":1,"9":2},"b":{"0":[6,0],"1":[6,0],"2":[0,3],"3":[3,3],"4":[0,3],"5":[0,1],"6":[6,5],"7":[6,1],"8":[6,5],"9":[1,5],"10":[5,1],"11":[1,1],"12":[2,1],"13":[1,0],"14":[1,1],"15":[1,1],"16":[1,0]},"_coverageSchema":"1a1c01bbd47fc00a2c39e90264f33305004495a9","hash":"a4ebfecb6d320646d575a232974f1b069f39304f"}
,"C:\\Users\\Albina\\Desktop\\repo\\django-chat-app\\frontend\\src\\views\\Profile.jsx": {"path":"C:\\Users\\Albina\\Desktop\\repo\\django-chat-app\\frontend\\src\\views\\Profile.jsx","statementMap":{"0":{"start":{"line":4,"column":16},"end":{"line":160,"column":1}},"1":{"start":{"line":5,"column":34},"end":{"line":5,"column":48}},"2":{"start":{"line":6,"column":32},"end":{"line":6,"column":47}},"3":{"start":{"line":7,"column":34},"end":{"line":7,"column":46}},"4":{"start":{"line":8,"column":36},"end":{"line":8,"column":50}},"5":{"start":{"line":9,"column":16},"end":{"line":9,"column":26}},"6":{"start":{"line":11,"column":2},"end":{"line":23,"column":9}},"7":{"start":{"line":12,"column":26},"end":{"line":20,"column":5}},"8":{"start":{"line":13,"column":6},"end":{"line":19,"column":7}},"9":{"start":{"line":14,"column":25},"end":{"line":14,"column":63}},"10":{"start":{"line":15,"column":8},"end":{"line":15,"column":35}},"11":{"start":{"line":16,"column":8},"end":{"line":16,"column":35}},"12":{"start":{"line":18,"column":8},"end":{"line":18,"column":56}},"13":{"start":{"line":22,"column":4},"end":{"line":22,"column":20}},"14":{"start":{"line":25,"column":23},"end":{"line":28,"column":3}},"15":{"start":{"line":26,"column":28},"end":{"line":26,"column":36}},"16":{"start":{"line":27,"column":4},"end":{"line":27,"column":54}},"17":{"start":{"line":27,"column":25},"end":{"line":27,"column":51}},"18":{"start":{"line":30,"column":27},"end":{"line":34,"column":3}},"19":{"start":{"line":31,"column":4},"end":{"line":33,"column":5}},"20":{"start":{"line":32,"column":6},"end":{"line":32,"column":38}},"21":{"start":{"line":36,"column":23},"end":{"line":60,"column":3}},"22":{"start":{"line":37,"column":4},"end":{"line":37,"column":23}},"23":{"start":{"line":39,"column":27},"end":{"line":39,"column":41}},"24":{"start":{"line":40,"column":4},"end":{"line":40,"column":55}},"25":{"start":{"line":41,"column":4},"end":{"line":41,"column":59}},"26":{"start":{"line":42,"column":4},"end":{"line":42,"column":53}},"27":{"start":{"line":43,"column":4},"end":{"line":43,"column":73}},"28":{"start":{"line":45,"column":4},"end":{"line":47,"column":5}},"29":{"start":{"line":46,"column":6},"end":{"line":46,"column":48}},"30":{"start":{"line":49,"column":4},"end":{"line":59,"column":5}},"31":{"start":{"line":50,"column":23},"end":{"line":52,"column":8}},"32":{"start":{"line":53,"column":6},"end":{"line":53,"column":33}},"33":{"start":{"line":54,"column":6},"end":{"line":54,"column":33}},"34":{"start":{"line":55,"column":6},"end":{"line":55,"column":24}},"35":{"start":{"line":56,"column":6},"end":{"line":56,"column":25}},"36":{"start":{"line":58,"column":6},"end":{"line":58,"column":86}},"37":{"start":{"line":62,"column":22},"end":{"line":68,"column":3}},"38":{"start":{"line":63,"column":4},"end":{"line":63,"column":61}},"39":{"start":{"line":63,"column":16},"end":{"line":63,"column":61}},"40":{"start":{"line":64,"column":4},"end":{"line":66,"column":5}},"41":{"start":{"line":65,"column":6},"end":{"line":65,"column":19}},"42":{"start":{"line":67,"column":4},"end":{"line":67,"column":40}},"43":{"start":{"line":70,"column":2},"end":{"line":70,"column":46}},"44":{"start":{"line":70,"column":17},"end":{"line":70,"column":46}},"45":{"start":{"line":72,"column":2},"end":{"line":159,"column":4}},"46":{"start":{"line":80,"column":32},"end":{"line":80,"column":62}},"47":{"start":{"line":81,"column":30},"end":{"line":81,"column":35}},"48":{"start":{"line":83,"column":14},"end":{"line":112,"column":16}},"49":{"start":{"line":150,"column":29},"end":{"line":150,"column":45}}},"fnMap":{"0":{"name":"(anonymous_0)","decl":{"start":{"line":4,"column":16},"end":{"line":4,"column":17}},"loc":{"start":{"line":4,"column":22},"end":{"line":160,"column":1}},"line":4},"1":{"name":"(anonymous_1)","decl":{"start":{"line":11,"column":12},"end":{"line":11,"column":13}},"loc":{"start":{"line":11,"column":18},"end":{"line":23,"column":3}},"line":11},"2":{"name":"(anonymous_2)","decl":{"start":{"line":12,"column":26},"end":{"line":12,"column":27}},"loc":{"start":{"line":12,"column":38},"end":{"line":20,"column":5}},"line":12},"3":{"name":"(anonymous_3)","decl":{"start":{"line":25,"column":23},"end":{"line":25,"column":24}},"loc":{"start":{"line":25,"column":30},"end":{"line":28,"column":3}},"line":25},"4":{"name":"(anonymous_4)","decl":{"start":{"line":27,"column":16},"end":{"line":27,"column":17}},"loc":{"start":{"line":27,"column":25},"end":{"line":27,"column":51}},"line":27},"5":{"name":"(anonymous_5)","decl":{"start":{"line":30,"column":27},"end":{"line":30,"column":28}},"loc":{"start":{"line":30,"column":34},"end":{"line":34,"column":3}},"line":30},"6":{"name":"(anonymous_6)","decl":{"start":{"line":36,"column":23},"end":{"line":36,"column":24}},"loc":{"start":{"line":36,"column":36},"end":{"line":60,"column":3}},"line":36},"7":{"name":"(anonymous_7)","decl":{"start":{"line":62,"column":22},"end":{"line":62,"column":23}},"loc":{"start":{"line":62,"column":33},"end":{"line":68,"column":3}},"line":62},"8":{"name":"(anonymous_8)","decl":{"start":{"line":79,"column":60},"end":{"line":79,"column":61}},"loc":{"start":{"line":79,"column":71},"end":{"line":113,"column":13}},"line":79},"9":{"name":"(anonymous_9)","decl":{"start":{"line":150,"column":23},"end":{"line":150,"column":24}},"loc":{"start":{"line":150,"column":29},"end":{"line":150,"column":45}},"line":150}},"branchMap":{"0":{"loc":{"start":{"line":31,"column":4},"end":{"line":33,"column":5}},"type":"if","locations":[{"start":{"line":31,"column":4},"end":{"line":33,"column":5}},{"start":{},"end":{}}],"line":31},"1":{"loc":{"start":{"line":40,"column":34},"end":{"line":40,"column":53}},"type":"binary-expr","locations":[{"start":{"line":40,"column":34},"end":{"line":40,"column":47}},{"start":{"line":40,"column":51},"end":{"line":40,"column":53}}],"line":40},"2":{"loc":{"start":{"line":41,"column":36},"end":{"line":41,"column":57}},"type":"binary-expr","locations":[{"start":{"line":41,"column":36},"end":{"line":41,"column":51}},{"start":{"line":41,"column":55},"end":{"line":41,"column":57}}],"line":41},"3":{"loc":{"start":{"line":42,"column":33},"end":{"line":42,"column":51}},"type":"binary-expr","locations":[{"start":{"line":42,"column":33},"end":{"line":42,"column":45}},{"start":{"line":42,"column":49},"end":{"line":42,"column":51}}],"line":42},"4":{"loc":{"start":{"line":43,"column":43},"end":{"line":43,"column":71}},"type":"binary-expr","locations":[{"start":{"line":43,"column":43},"end":{"line":43,"column":65}},{"start":{"line":43,"column":69},"end":{"line":43,"column":71}}],"line":43},"5":{"loc":{"start":{"line":45,"column":4},"end":{"line":47,"column":5}},"type":"if","locations":[{"start":{"line":45,"column":4},"end":{"line":47,"column":5}},{"start":{},"end":{}}],"line":45},"6":{"loc":{"start":{"line":58,"column":47},"end":{"line":58,"column":84}},"type":"binary-expr","locations":[{"start":{"line":58,"column":47},"end":{"line":58,"column":67}},{"start":{"line":58,"column":71},"end":{"line":58,"column":84}}],"line":58},"7":{"loc":{"start":{"line":63,"column":4},"end":{"line":63,"column":61}},"type":"if","locations":[{"start":{"line":63,"column":4},"end":{"line":63,"column":61}},{"start":{},"end":{}}],"line":63},"8":{"loc":{"start":{"line":64,"column":4},"end":{"line":66,"column":5}},"type":"if","locations":[{"start":{"line":64,"column":4},"end":{"line":66,"column":5}},{"start":{},"end":{}}],"line":64},"9":{"loc":{"start":{"line":64,"column":8},"end":{"line":64,"column":61}},"type":"binary-expr","locations":[{"start":{"line":64,"column":8},"end":{"line":64,"column":32}},{"start":{"line":64,"column":36},"end":{"line":64,"column":61}}],"line":64},"10":{"loc":{"start":{"line":70,"column":2},"end":{"line":70,"column":46}},"type":"if","locations":[{"start":{"line":70,"column":2},"end":{"line":70,"column":46}},{"start":{},"end":{}}],"line":70},"11":{"loc":{"start":{"line":77,"column":9},"end":{"line":156,"column":9}},"type":"cond-expr","locations":[{"start":{"line":78,"column":10},"end":{"line":135,"column":17}},{"start":{"line":137,"column":10},"end":{"line":155,"column":16}}],"line":77},"12":{"loc":{"start":{"line":89,"column":19},"end":{"line":110,"column":19}},"type":"cond-expr","locations":[{"start":{"line":90,"column":20},"end":{"line":100,"column":29}},{"start":{"line":102,"column":20},"end":{"line":109,"column":22}}],"line":89},"13":{"loc":{"start":{"line":93,"column":29},"end":{"line":93,"column":50}},"type":"binary-expr","locations":[{"start":{"line":93,"column":29},"end":{"line":93,"column":44}},{"start":{"line":93,"column":48},"end":{"line":93,"column":50}}],"line":93},"14":{"loc":{"start":{"line":104,"column":28},"end":{"line":104,"column":71}},"type":"cond-expr","locations":[{"start":{"line":104,"column":56},"end":{"line":104,"column":62}},{"start":{"line":104,"column":65},"end":{"line":104,"column":71}}],"line":104},"15":{"loc":{"start":{"line":106,"column":29},"end":{"line":106,"column":50}},"type":"binary-expr","locations":[{"start":{"line":106,"column":29},"end":{"line":106,"column":44}},{"start":{"line":106,"column":48},"end":{"line":106,"column":50}}],"line":106}},"s":{"0":1,"1":37,"2":37,"3":37,"4":37,"5":37,"6":37,"7":11,"8":11,"9":11,"10":9,"11":9,"12":1,"13":11,"14":37,"15":6,"16":6,"17":6,"18":37,"19":3,"20":2,"21":37,"22":4,"23":4,"24":4,"25":4,"26":4,"27":4,"28":4,"29":1,"30":4,"31":4,"32":2,"33":2,"34":2,"35":2,"36":2,"37":37,"38":10,"39":4,"40":6,"41":5,"42":1,"43":37,"44":11,"45":26,"46":64,"47":64,"48":64,"49":8},"f":{"0":37,"1":11,"2":11,"3":6,"4":6,"5":3,"6":4,"7":10,"8":64,"9":8},"b":{"0":[2,1],"1":[4,0],"2":[4,0],"3":[4,0],"4":[4,0],"5":[1,3],"6":[2,0],"7":[4,6],"8":[5,1],"9":[6,1],"10":[11,26],"11":[16,10],"12":[16,48],"13":[16,5],"14":[16,32],"15":[48,12]},"_coverageSchema":"1a1c01bbd47fc00a2c39e90264f33305004495a9","hash":"9a86dd6fadc9db443da1847efcbe0315f614ef6d"}
,"C:\\Users\\Albina\\Desktop\\repo\\django-chat-app\\frontend\\src\\views\\Register.jsx": {"path":"C:\\Users\\Albina\\Desktop\\repo\\django-chat-app\\frontend\\src\\views\\Register.jsx","statementMap":{"0":{"start":{"line":6,"column":28},"end":{"line":6,"column":40}},"1":{"start":{"line":7,"column":34},"end":{"line":7,"column":46}},"2":{"start":{"line":8,"column":34},"end":{"line":8,"column":46}},"3":{"start":{"line":9,"column":36},"end":{"line":9,"column":48}},"4":{"start":{"line":11,"column":27},"end":{"line":11,"column":50}},"5":{"start":{"line":13,"column":23},"end":{"line":16,"column":3}},"6":{"start":{"line":14,"column":4},"end":{"line":14,"column":23}},"7":{"start":{"line":15,"column":4},"end":{"line":15,"column":55}},"8":{"start":{"line":18,"column":2},"end":{"line":94,"column":4}},"9":{"start":{"line":30,"column":31},"end":{"line":30,"column":55}},"10":{"start":{"line":40,"column":31},"end":{"line":40,"column":58}},"11":{"start":{"line":50,"column":31},"end":{"line":50,"column":58}},"12":{"start":{"line":60,"column":31},"end":{"line":60,"column":59}}},"fnMap":{"0":{"name":"Register","decl":{"start":{"line":5,"column":9},"end":{"line":5,"column":17}},"loc":{"start":{"line":5,"column":20},"end":{"line":95,"column":1}},"line":5},"1":{"name":"(anonymous_1)","decl":{"start":{"line":13,"column":23},"end":{"line":13,"column":24}},"loc":{"start":{"line":13,"column":36},"end":{"line":16,"column":3}},"line":13},"2":{"name":"(anonymous_2)","decl":{"start":{"line":30,"column":24},"end":{"line":30,"column":25}},"loc":{"start":{"line":30,"column":31},"end":{"line":30,"column":55}},"line":30},"3":{"name":"(anonymous_3)","decl":{"start":{"line":40,"column":24},"end":{"line":40,"column":25}},"loc":{"start":{"line":40,"column":31},"end":{"line":40,"column":58}},"line":40},"4":{"name":"(anonymous_4)","decl":{"start":{"line":50,"column":24},"end":{"line":50,"column":25}},"loc":{"start":{"line":50,"column":31},"end":{"line":50,"column":58}},"line":50},"5":{"name":"(anonymous_5)","decl":{"start":{"line":60,"column":24},"end":{"line":60,"column":25}},"loc":{"start":{"line":60,"column":31},"end":{"line":60,"column":59}},"line":60}},"branchMap":{},"s":{"0":6,"1":6,"2":6,"3":6,"4":6,"5":6,"6":1,"7":1,"8":6,"9":1,"10":1,"11":1,"12":1},"f":{"0":6,"1":1,"2":1,"3":1,"4":1,"5":1},"b":{},"_coverageSchema":"1a1c01bbd47fc00a2c39e90264f33305004495a9","hash":"84acf788337c71bacf6deb45f33c43d8123502de"}
,"C:\\Users\\Albina\\Desktop\\repo\\django-chat-app\\frontend\\src\\views\\Search.jsx": {"path":"C:\\Users\\Albina\\Desktop\\repo\\django-chat-app\\frontend\\src\\views\\Search.jsx","statementMap":{"0":{"start":{"line":10,"column":23},"end":{"line":10,"column":34}},"1":{"start":{"line":11,"column":31},"end":{"line":11,"column":50}},"2":{"start":{"line":12,"column":19},"end":{"line":12,"column":32}},"3":{"start":{"line":13,"column":25},"end":{"line":13,"column":36}},"4":{"start":{"line":16,"column":2},"end":{"line":62,"column":3}},"5":{"start":{"line":34,"column":32},"end":{"line":52,"column":39}}},"fnMap":{"0":{"name":"Search","decl":{"start":{"line":8,"column":9},"end":{"line":8,"column":15}},"loc":{"start":{"line":8,"column":18},"end":{"line":63,"column":1}},"line":8},"1":{"name":"(anonymous_1)","decl":{"start":{"line":32,"column":40},"end":{"line":32,"column":41}},"loc":{"start":{"line":34,"column":32},"end":{"line":52,"column":39}},"line":34}},"branchMap":{"0":{"loc":{"start":{"line":29,"column":23},"end":{"line":54,"column":25}},"type":"cond-expr","locations":[{"start":{"line":30,"column":28},"end":{"line":30,"column":45}},{"start":{"line":32,"column":28},"end":{"line":53,"column":30}}],"line":29},"1":{"loc":{"start":{"line":39,"column":43},"end":{"line":39,"column":132}},"type":"binary-expr","locations":[{"start":{"line":39,"column":43},"end":{"line":39,"column":53}},{"start":{"line":39,"column":57},"end":{"line":39,"column":132}}],"line":39}},"s":{"0":4,"1":4,"2":4,"3":4,"4":4,"5":4},"f":{"0":4,"1":4},"b":{"0":[1,3],"1":[4,1]},"_coverageSchema":"1a1c01bbd47fc00a2c39e90264f33305004495a9","hash":"80529d4b7b42b9b522232459e03d18627eb55cd7"}
,"C:\\Users\\Albina\\Desktop\\repo\\django-chat-app\\frontend\\src\\views\\SearchBar.jsx": {"path":"C:\\Users\\Albina\\Desktop\\repo\\django-chat-app\\frontend\\src\\views\\SearchBar.jsx","statementMap":{"0":{"start":{"line":6,"column":30},"end":{"line":6,"column":42}},"1":{"start":{"line":7,"column":24},"end":{"line":7,"column":35}},"2":{"start":{"line":9,"column":25},"end":{"line":12,"column":5}},"3":{"start":{"line":10,"column":8},"end":{"line":10,"column":31}},"4":{"start":{"line":11,"column":8},"end":{"line":11,"column":26}},"5":{"start":{"line":14,"column":4},"end":{"line":34,"column":5}},"6":{"start":{"line":23,"column":37},"end":{"line":23,"column":61}}},"fnMap":{"0":{"name":"SearchBar","decl":{"start":{"line":4,"column":9},"end":{"line":4,"column":18}},"loc":{"start":{"line":4,"column":35},"end":{"line":35,"column":1}},"line":4},"1":{"name":"(anonymous_1)","decl":{"start":{"line":9,"column":25},"end":{"line":9,"column":26}},"loc":{"start":{"line":9,"column":36},"end":{"line":12,"column":5}},"line":9},"2":{"name":"(anonymous_2)","decl":{"start":{"line":23,"column":30},"end":{"line":23,"column":31}},"loc":{"start":{"line":23,"column":37},"end":{"line":23,"column":61}},"line":23}},"branchMap":{"0":{"loc":{"start":{"line":30,"column":21},"end":{"line":30,"column":56}},"type":"cond-expr","locations":[{"start":{"line":30,"column":31},"end":{"line":30,"column":45}},{"start":{"line":30,"column":48},"end":{"line":30,"column":56}}],"line":30}},"s":{"0":17,"1":17,"2":17,"3":1,"4":1,"5":17,"6":3},"f":{"0":17,"1":1,"2":3},"b":{"0":[2,15]},"_coverageSchema":"1a1c01bbd47fc00a2c39e90264f33305004495a9","hash":"24921c8f7fc9f641a22ee44ee088d04afb9d7b85"}
,"C:\\Users\\Albina\\Desktop\\repo\\django-chat-app\\frontend\\src\\views\\Todo.jsx": {"path":"C:\\Users\\Albina\\Desktop\\repo\\django-chat-app\\frontend\\src\\views\\Todo.jsx","statementMap":{"0":{"start":{"line":10,"column":16},"end":{"line":10,"column":26}},"1":{"start":{"line":11,"column":28},"end":{"line":11,"column":40}},"2":{"start":{"line":12,"column":18},"end":{"line":12,"column":52}},"3":{"start":{"line":13,"column":20},"end":{"line":13,"column":36}},"4":{"start":{"line":14,"column":20},"end":{"line":14,"column":35}},"5":{"start":{"line":16,"column":4},"end":{"line":18,"column":11}},"6":{"start":{"line":17,"column":8},"end":{"line":17,"column":20}},"7":{"start":{"line":20,"column":22},"end":{"line":24,"column":5}},"8":{"start":{"line":21,"column":8},"end":{"line":23,"column":11}},"9":{"start":{"line":22,"column":12},"end":{"line":22,"column":30}},"10":{"start":{"line":26,"column":40},"end":{"line":26,"column":78}},"11":{"start":{"line":28,"column":31},"end":{"line":33,"column":5}},"12":{"start":{"line":29,"column":8},"end":{"line":32,"column":11}},"13":{"start":{"line":35,"column":23},"end":{"line":56,"column":5}},"14":{"start":{"line":36,"column":25},"end":{"line":36,"column":39}},"15":{"start":{"line":37,"column":8},"end":{"line":37,"column":41}},"16":{"start":{"line":38,"column":8},"end":{"line":38,"column":51}},"17":{"start":{"line":39,"column":8},"end":{"line":39,"column":44}},"18":{"start":{"line":40,"column":8},"end":{"line":55,"column":9}},"19":{"start":{"line":41,"column":24},"end":{"line":41,"column":84}},"20":{"start":{"line":42,"column":12},"end":{"line":42,"column":34}},"21":{"start":{"line":43,"column":12},"end":{"line":50,"column":15}},"22":{"start":{"line":51,"column":12},"end":{"line":51,"column":24}},"23":{"start":{"line":52,"column":12},"end":{"line":52,"column":56}},"24":{"start":{"line":54,"column":12},"end":{"line":54,"column":31}},"25":{"start":{"line":59,"column":23},"end":{"line":70,"column":5}},"26":{"start":{"line":60,"column":8},"end":{"line":60,"column":83}},"27":{"start":{"line":61,"column":8},"end":{"line":68,"column":11}},"28":{"start":{"line":69,"column":8},"end":{"line":69,"column":20}},"29":{"start":{"line":72,"column":26},"end":{"line":83,"column":5}},"30":{"start":{"line":73,"column":8},"end":{"line":73,"column":79}},"31":{"start":{"line":74,"column":8},"end":{"line":81,"column":11}},"32":{"start":{"line":82,"column":8},"end":{"line":82,"column":20}},"33":{"start":{"line":85,"column":4},"end":{"line":146,"column":6}},"34":{"start":{"line":112,"column":20},"end":{"line":139,"column":26}},"35":{"start":{"line":123,"column":47},"end":{"line":123,"column":69}},"36":{"start":{"line":131,"column":47},"end":{"line":131,"column":66}}},"fnMap":{"0":{"name":"Todo","decl":{"start":{"line":8,"column":9},"end":{"line":8,"column":13}},"loc":{"start":{"line":8,"column":16},"end":{"line":147,"column":1}},"line":8},"1":{"name":"(anonymous_1)","decl":{"start":{"line":16,"column":14},"end":{"line":16,"column":15}},"loc":{"start":{"line":16,"column":20},"end":{"line":18,"column":5}},"line":16},"2":{"name":"(anonymous_2)","decl":{"start":{"line":20,"column":22},"end":{"line":20,"column":23}},"loc":{"start":{"line":20,"column":34},"end":{"line":24,"column":5}},"line":20},"3":{"name":"(anonymous_3)","decl":{"start":{"line":21,"column":63},"end":{"line":21,"column":64}},"loc":{"start":{"line":21,"column":72},"end":{"line":23,"column":9}},"line":21},"4":{"name":"(anonymous_4)","decl":{"start":{"line":28,"column":31},"end":{"line":28,"column":32}},"loc":{"start":{"line":28,"column":42},"end":{"line":33,"column":5}},"line":28},"5":{"name":"(anonymous_5)","decl":{"start":{"line":35,"column":23},"end":{"line":35,"column":24}},"loc":{"start":{"line":35,"column":35},"end":{"line":56,"column":5}},"line":35},"6":{"name":"(anonymous_6)","decl":{"start":{"line":59,"column":23},"end":{"line":59,"column":24}},"loc":{"start":{"line":59,"column":42},"end":{"line":70,"column":5}},"line":59},"7":{"name":"(anonymous_7)","decl":{"start":{"line":72,"column":26},"end":{"line":72,"column":27}},"loc":{"start":{"line":72,"column":39},"end":{"line":83,"column":5}},"line":72},"8":{"name":"(anonymous_8)","decl":{"start":{"line":111,"column":28},"end":{"line":111,"column":29}},"loc":{"start":{"line":112,"column":20},"end":{"line":139,"column":26}},"line":112},"9":{"name":"(anonymous_9)","decl":{"start":{"line":123,"column":41},"end":{"line":123,"column":42}},"loc":{"start":{"line":123,"column":47},"end":{"line":123,"column":69}},"line":123},"10":{"name":"(anonymous_10)","decl":{"start":{"line":131,"column":41},"end":{"line":131,"column":42}},"loc":{"start":{"line":131,"column":47},"end":{"line":131,"column":66}},"line":131}},"branchMap":{"0":{"loc":{"start":{"line":115,"column":28},"end":{"line":115,"column":78}},"type":"cond-expr","locations":[{"start":{"line":115,"column":45},"end":{"line":115,"column":73}},{"start":{"line":115,"column":76},"end":{"line":115,"column":78}}],"line":115}},"s":{"0":20,"1":20,"2":20,"3":20,"4":20,"5":20,"6":9,"7":20,"8":12,"9":12,"10":20,"11":20,"12":3,"13":20,"14":2,"15":2,"16":2,"17":2,"18":2,"19":2,"20":1,"21":1,"22":1,"23":1,"24":1,"25":20,"26":1,"27":1,"28":1,"29":20,"30":1,"31":1,"32":1,"33":20,"34":6,"35":1,"36":1},"f":{"0":20,"1":9,"2":12,"3":12,"4":3,"5":2,"6":1,"7":1,"8":6,"9":1,"10":1},"b":{"0":[1,5]},"_coverageSchema":"1a1c01bbd47fc00a2c39e90264f33305004495a9","hash":"78788e41b5e9fac824b278cc1d9232c8ef10691a"}
,"C:\\Users\\Albina\\Desktop\\repo\\django-chat-app\\frontend\\src\\views\\UserProfilePage.jsx": {"path":"C:\\Users\\Albina\\Desktop\\repo\\django-chat-app\\frontend\\src\\views\\UserProfilePage.jsx","statementMap":{"0":{"start":{"line":10,"column":16},"end":{"line":10,"column":26}},"1":{"start":{"line":11,"column":19},"end":{"line":11,"column":32}},"2":{"start":{"line":13,"column":34},"end":{"line":13,"column":46}},"3":{"start":{"line":14,"column":13},"end":{"line":14,"column":24}},"4":{"start":{"line":15,"column":16},"end":{"line":15,"column":50}},"5":{"start":{"line":16,"column":18},"end":{"line":16,"column":34}},"6":{"start":{"line":17,"column":18},"end":{"line":17,"column":33}},"7":{"start":{"line":20,"column":2},"end":{"line":36,"column":9}},"8":{"start":{"line":23,"column":26},"end":{"line":32,"column":5}},"9":{"start":{"line":24,"column":6},"end":{"line":31,"column":7}},"10":{"start":{"line":25,"column":25},"end":{"line":25,"column":77}},"11":{"start":{"line":26,"column":8},"end":{"line":26,"column":35}},"12":{"start":{"line":27,"column":8},"end":{"line":27,"column":35}},"13":{"start":{"line":30,"column":8},"end":{"line":30,"column":27}},"14":{"start":{"line":34,"column":4},"end":{"line":34,"column":20}},"15":{"start":{"line":38,"column":2},"end":{"line":72,"column":2}},"16":{"start":{"line":64,"column":29},"end":{"line":64,"column":62}}},"fnMap":{"0":{"name":"UserProfilePage","decl":{"start":{"line":8,"column":9},"end":{"line":8,"column":24}},"loc":{"start":{"line":8,"column":27},"end":{"line":73,"column":1}},"line":8},"1":{"name":"(anonymous_1)","decl":{"start":{"line":20,"column":12},"end":{"line":20,"column":13}},"loc":{"start":{"line":20,"column":18},"end":{"line":36,"column":3}},"line":20},"2":{"name":"(anonymous_2)","decl":{"start":{"line":23,"column":26},"end":{"line":23,"column":27}},"loc":{"start":{"line":23,"column":38},"end":{"line":32,"column":5}},"line":23},"3":{"name":"(anonymous_3)","decl":{"start":{"line":64,"column":23},"end":{"line":64,"column":24}},"loc":{"start":{"line":64,"column":29},"end":{"line":64,"column":62}},"line":64}},"branchMap":{"0":{"loc":{"start":{"line":50,"column":19},"end":{"line":52,"column":19}},"type":"binary-expr","locations":[{"start":{"line":50,"column":19},"end":{"line":50,"column":37}},{"start":{"line":51,"column":20},"end":{"line":51,"column":125}}],"line":50},"1":{"loc":{"start":{"line":59,"column":59},"end":{"line":59,"column":100}},"type":"cond-expr","locations":[{"start":{"line":59,"column":80},"end":{"line":59,"column":88}},{"start":{"line":59,"column":91},"end":{"line":59,"column":100}}],"line":59}},"s":{"0":6,"1":6,"2":6,"3":6,"4":6,"5":6,"6":6,"7":6,"8":4,"9":4,"10":4,"11":3,"12":3,"13":1,"14":4,"15":6,"16":1},"f":{"0":6,"1":4,"2":4,"3":1},"b":{"0":[6,2],"1":[2,4]},"_coverageSchema":"1a1c01bbd47fc00a2c39e90264f33305004495a9","hash":"d570202c06e3325b214df650bb5501fc8104dd4b"}
}
