TN:
SF:src\context\AuthContext.jsx
FN:11,(anonymous_0)
FN:12,(anonymous_1)
FN:18,(anonymous_2)
FN:26,(anonymous_3)
FN:40,(anonymous_4)
FN:44,(anonymous_5)
FN:49,(anonymous_6)
FN:84,(anonymous_7)
FN:106,(anonymous_8)
FNF:9
FNH:5
FNDA:7,(anonymous_0)
FNDA:1,(anonymous_1)
FNDA:1,(anonymous_2)
FNDA:0,(anonymous_3)
FNDA:3,(anonymous_4)
FNDA:0,(anonymous_5)
FNDA:4,(anonymous_6)
FNDA:0,(anonymous_7)
FNDA:0,(anonymous_8)
DA:7,10
DA:8,10
DA:11,10
DA:12,7
DA:13,1
DA:18,7
DA:19,1
DA:20,1
DA:23,7
DA:24,7
DA:26,7
DA:27,0
DA:28,0
DA:29,0
DA:31,0
DA:32,0
DA:33,0
DA:34,0
DA:35,0
DA:40,7
DA:41,3
DA:42,0
DA:43,0
DA:44,0
DA:46,3
DA:49,7
DA:50,4
DA:57,4
DA:59,4
DA:60,4
DA:61,4
DA:62,4
DA:63,4
DA:64,4
DA:71,4
DA:73,0
DA:84,7
DA:85,0
DA:92,0
DA:93,0
DA:95,0
DA:106,7
DA:107,0
DA:108,0
DA:117,0
DA:118,0
DA:119,0
DA:120,0
DA:123,7
DA:133,7
LF:50
LH:28
BRDA:11,0,0,0
BRDA:13,1,0,0
BRDA:13,1,1,1
BRDA:20,2,0,0
BRDA:20,2,1,1
BRDA:27,3,0,0
BRDA:27,3,1,0
BRDA:31,4,0,0
BRDA:31,4,1,0
BRDA:41,5,0,0
BRDA:41,5,1,3
BRDA:59,6,0,4
BRDA:59,6,1,0
BRDA:92,7,0,0
BRDA:92,7,1,0
BRDA:107,8,0,0
BRDA:107,8,1,0
BRDA:135,9,0,1
BRDA:135,9,1,6
BRF:19
BRH:6
end_of_record
TN:
SF:src\utils\useAxios.js
FN:10,(anonymous_0)
FN:17,(anonymous_1)
FNF:2
FNH:0
FNDA:0,(anonymous_0)
FNDA:0,(anonymous_1)
DA:8,7
DA:10,7
DA:11,0
DA:12,0
DA:17,0
DA:18,0
DA:19,0
DA:20,0
DA:21,0
DA:22,0
DA:24,0
DA:28,0
DA:29,0
DA:30,0
DA:32,0
DA:33,0
DA:36,0
LF:17
LH:2
BRDA:18,0,0,0
BRDA:18,0,1,0
BRDA:21,1,0,0
BRDA:21,1,1,0
BRF:4
BRH:0
end_of_record
TN:
SF:src\utils\useSearch.js
FN:6,(anonymous_0)
FN:13,(anonymous_1)
FN:29,(anonymous_2)
FNF:3
FNH:0
FNDA:0,(anonymous_0)
FNDA:0,(anonymous_1)
FNDA:0,(anonymous_2)
DA:6,4
DA:7,0
DA:8,0
DA:9,0
DA:10,0
DA:13,0
DA:14,0
DA:16,0
DA:17,0
DA:18,0
DA:20,0
DA:21,0
DA:23,0
DA:25,0
DA:29,0
DA:30,0
DA:31,0
DA:35,0
LF:18
LH:1
BRDA:6,0,0,0
BRDA:14,1,0,0
BRDA:14,1,1,0
BRDA:30,2,0,0
BRDA:30,2,1,0
BRF:5
BRH:0
end_of_record
TN:
SF:src\views\DialoguesList.jsx
FN:8,DialoguesList
FN:16,(anonymous_1)
FN:18,(anonymous_2)
FN:21,(anonymous_3)
FN:34,(anonymous_4)
FNF:5
FNH:5
FNDA:9,DialoguesList
FNDA:6,(anonymous_1)
FNDA:4,(anonymous_2)
FNDA:2,(anonymous_3)
FNDA:4,(anonymous_4)
DA:10,9
DA:11,9
DA:12,9
DA:13,9
DA:14,9
DA:16,9
DA:17,6
DA:19,4
DA:22,2
DA:27,9
DA:35,4
LF:11
LH:11
BRDA:29,0,0,6
BRDA:29,0,1,3
BRDA:36,1,0,1
BRDA:36,1,1,3
BRDA:41,2,0,3
BRDA:41,2,1,1
BRDA:43,3,0,3
BRDA:43,3,1,0
BRDA:49,4,0,1
BRDA:49,4,1,0
BRDA:56,5,0,1
BRDA:56,5,1,3
BRF:12
BRH:10
end_of_record
TN:
SF:src\views\Homepage.jsx
FN:4,Homepage
FNF:1
FNH:1
FNDA:4,Homepage
DA:5,4
LF:1
LH:1
BRF:0
BRH:0
end_of_record
TN:
SF:src\views\Login.jsx
FN:6,Login
FN:9,(anonymous_1)
FNF:2
FNH:2
FNDA:3,Login
FNDA:2,(anonymous_1)
DA:7,3
DA:9,3
DA:10,2
DA:11,2
DA:12,2
DA:13,2
DA:14,2
DA:15,1
DA:19,3
LF:9
LH:9
BRDA:14,0,0,1
BRDA:14,0,1,1
BRDA:14,1,0,2
BRDA:14,1,1,1
BRF:4
BRH:4
end_of_record
TN:
SF:src\views\Message.jsx
FN:8,Message
FNF:1
FNH:1
FNDA:2,Message
DA:10,2
DA:12,2
LF:2
LH:2
BRF:0
BRH:0
end_of_record
TN:
SF:src\views\MessagesHistory.jsx
FN:11,MessagesHistory
FN:24,(anonymous_1)
FN:28,(anonymous_2)
FN:35,(anonymous_3)
FN:39,(anonymous_4)
FN:42,(anonymous_5)
FN:47,(anonymous_6)
FN:54,(anonymous_7)
FN:65,(anonymous_8)
FN:115,(anonymous_9)
FNF:10
FNH:9
FNDA:6,MessagesHistory
FNDA:3,(anonymous_1)
FNDA:3,(anonymous_2)
FNDA:3,(anonymous_3)
FNDA:3,(anonymous_4)
FNDA:0,(anonymous_5)
FNDA:1,(anonymous_6)
FNDA:1,(anonymous_7)
FNDA:1,(anonymous_8)
FNDA:2,(anonymous_9)
DA:12,6
DA:13,6
DA:14,6
DA:16,6
DA:17,6
DA:18,6
DA:20,6
DA:21,6
DA:22,6
DA:24,6
DA:25,3
DA:27,3
DA:29,3
DA:35,6
DA:36,3
DA:38,3
DA:40,3
DA:43,0
DA:47,6
DA:48,1
DA:54,6
DA:55,1
DA:57,1
DA:58,1
DA:59,1
DA:60,1
DA:61,1
DA:62,1
DA:64,1
DA:66,1
DA:71,6
DA:116,2
LF:32
LH:31
BRDA:21,0,0,6
BRDA:21,0,1,0
BRDA:22,1,0,6
BRDA:22,1,1,0
BRDA:25,2,0,0
BRDA:25,2,1,3
BRDA:25,3,0,3
BRDA:25,3,1,3
BRDA:36,4,0,0
BRDA:36,4,1,3
BRDA:55,5,0,0
BRDA:55,5,1,1
BRDA:91,6,0,6
BRDA:91,6,1,5
BRDA:97,7,0,6
BRDA:97,7,1,1
BRDA:102,8,0,6
BRDA:102,8,1,5
BRDA:104,9,0,1
BRDA:104,9,1,5
BRDA:112,10,0,5
BRDA:112,10,1,1
BRDA:118,11,0,1
BRDA:118,11,1,1
BRDA:120,12,0,2
BRDA:120,12,1,1
BRDA:122,13,0,1
BRDA:122,13,1,0
BRDA:129,14,0,1
BRDA:129,14,1,1
BRDA:133,15,0,1
BRDA:133,15,1,1
BRDA:133,16,0,1
BRDA:133,16,1,0
BRF:34
BRH:27
end_of_record
TN:
SF:src\views\Profile.jsx
FN:4,(anonymous_0)
FN:11,(anonymous_1)
FN:12,(anonymous_2)
FN:25,(anonymous_3)
FN:27,(anonymous_4)
FN:30,(anonymous_5)
FN:36,(anonymous_6)
FN:62,(anonymous_7)
FN:79,(anonymous_8)
FN:150,(anonymous_9)
FNF:10
FNH:10
FNDA:37,(anonymous_0)
FNDA:11,(anonymous_1)
FNDA:11,(anonymous_2)
FNDA:6,(anonymous_3)
FNDA:6,(anonymous_4)
FNDA:3,(anonymous_5)
FNDA:4,(anonymous_6)
FNDA:10,(anonymous_7)
FNDA:64,(anonymous_8)
FNDA:8,(anonymous_9)
DA:4,1
DA:5,37
DA:6,37
DA:7,37
DA:8,37
DA:9,37
DA:11,37
DA:12,11
DA:13,11
DA:14,11
DA:15,9
DA:16,9
DA:18,1
DA:22,11
DA:25,37
DA:26,6
DA:27,6
DA:30,37
DA:31,3
DA:32,2
DA:36,37
DA:37,4
DA:39,4
DA:40,4
DA:41,4
DA:42,4
DA:43,4
DA:45,4
DA:46,1
DA:49,4
DA:50,4
DA:53,2
DA:54,2
DA:55,2
DA:56,2
DA:58,2
DA:62,37
DA:63,10
DA:64,6
DA:65,5
DA:67,1
DA:70,37
DA:72,26
DA:80,64
DA:81,64
DA:83,64
DA:150,8
LF:47
LH:47
BRDA:31,0,0,2
BRDA:31,0,1,1
BRDA:40,1,0,4
BRDA:40,1,1,0
BRDA:41,2,0,4
BRDA:41,2,1,0
BRDA:42,3,0,4
BRDA:42,3,1,0
BRDA:43,4,0,4
BRDA:43,4,1,0
BRDA:45,5,0,1
BRDA:45,5,1,3
BRDA:58,6,0,2
BRDA:58,6,1,0
BRDA:63,7,0,4
BRDA:63,7,1,6
BRDA:64,8,0,5
BRDA:64,8,1,1
BRDA:64,9,0,6
BRDA:64,9,1,1
BRDA:70,10,0,11
BRDA:70,10,1,26
BRDA:77,11,0,16
BRDA:77,11,1,10
BRDA:89,12,0,16
BRDA:89,12,1,48
BRDA:93,13,0,16
BRDA:93,13,1,5
BRDA:104,14,0,16
BRDA:104,14,1,32
BRDA:106,15,0,48
BRDA:106,15,1,12
BRF:32
BRH:27
end_of_record
TN:
SF:src\views\Register.jsx
FN:5,Register
FN:13,(anonymous_1)
FN:30,(anonymous_2)
FN:40,(anonymous_3)
FN:50,(anonymous_4)
FN:60,(anonymous_5)
FNF:6
FNH:6
FNDA:6,Register
FNDA:1,(anonymous_1)
FNDA:1,(anonymous_2)
FNDA:1,(anonymous_3)
FNDA:1,(anonymous_4)
FNDA:1,(anonymous_5)
DA:6,6
DA:7,6
DA:8,6
DA:9,6
DA:11,6
DA:13,6
DA:14,1
DA:15,1
DA:18,6
DA:30,1
DA:40,1
DA:50,1
DA:60,1
LF:13
LH:13
BRF:0
BRH:0
end_of_record
TN:
SF:src\views\Search.jsx
FN:8,Search
FN:32,(anonymous_1)
FNF:2
FNH:2
FNDA:4,Search
FNDA:4,(anonymous_1)
DA:10,4
DA:11,4
DA:12,4
DA:13,4
DA:16,4
DA:34,4
LF:6
LH:6
BRDA:29,0,0,1
BRDA:29,0,1,3
BRDA:39,1,0,4
BRDA:39,1,1,1
BRF:4
BRH:4
end_of_record
TN:
SF:src\views\SearchBar.jsx
FN:4,SearchBar
FN:9,(anonymous_1)
FN:23,(anonymous_2)
FNF:3
FNH:3
FNDA:17,SearchBar
FNDA:1,(anonymous_1)
FNDA:3,(anonymous_2)
DA:6,17
DA:7,17
DA:9,17
DA:10,1
DA:11,1
DA:14,17
DA:23,3
LF:7
LH:7
BRDA:30,0,0,2
BRDA:30,0,1,15
BRF:2
BRH:2
end_of_record
TN:
SF:src\views\Todo.jsx
FN:8,Todo
FN:16,(anonymous_1)
FN:20,(anonymous_2)
FN:21,(anonymous_3)
FN:28,(anonymous_4)
FN:35,(anonymous_5)
FN:59,(anonymous_6)
FN:72,(anonymous_7)
FN:111,(anonymous_8)
FN:123,(anonymous_9)
FN:131,(anonymous_10)
FNF:11
FNH:11
FNDA:20,Todo
FNDA:9,(anonymous_1)
FNDA:12,(anonymous_2)
FNDA:12,(anonymous_3)
FNDA:3,(anonymous_4)
FNDA:2,(anonymous_5)
FNDA:1,(anonymous_6)
FNDA:1,(anonymous_7)
FNDA:6,(anonymous_8)
FNDA:1,(anonymous_9)
FNDA:1,(anonymous_10)
DA:10,20
DA:11,20
DA:12,20
DA:13,20
DA:14,20
DA:16,20
DA:17,9
DA:20,20
DA:21,12
DA:22,12
DA:26,20
DA:28,20
DA:29,3
DA:35,20
DA:36,2
DA:37,2
DA:38,2
DA:39,2
DA:40,2
DA:41,2
DA:42,1
DA:43,1
DA:51,1
DA:52,1
DA:54,1
DA:59,20
DA:60,1
DA:61,1
DA:69,1
DA:72,20
DA:73,1
DA:74,1
DA:82,1
DA:85,20
DA:112,6
DA:123,1
DA:131,1
LF:37
LH:37
BRDA:115,0,0,1
BRDA:115,0,1,5
BRF:2
BRH:2
end_of_record
TN:
SF:src\views\UserProfilePage.jsx
FN:8,UserProfilePage
FN:20,(anonymous_1)
FN:23,(anonymous_2)
FN:64,(anonymous_3)
FNF:4
FNH:4
FNDA:6,UserProfilePage
FNDA:4,(anonymous_1)
FNDA:4,(anonymous_2)
FNDA:1,(anonymous_3)
DA:10,6
DA:11,6
DA:13,6
DA:14,6
DA:15,6
DA:16,6
DA:17,6
DA:20,6
DA:23,4
DA:24,4
DA:25,4
DA:26,3
DA:27,3
DA:30,1
DA:34,4
DA:38,6
DA:64,1
LF:17
LH:17
BRDA:50,0,0,6
BRDA:50,0,1,2
BRDA:59,1,0,2
BRDA:59,1,1,4
BRF:4
BRH:4
end_of_record
